{
  "RSpec": {
    "coverage": {
      "/Users/rafael/Desktop/Texas_A&M/606_SE/Project_Git_Hub/CSCE-606-Inventory-System/app/helpers/application_helper.rb": {
        "lines": [
          1,
          null
        ]
      },
      "/Users/rafael/Desktop/Texas_A&M/606_SE/Project_Git_Hub/CSCE-606-Inventory-System/app/helpers/bins_helper.rb": {
        "lines": [
          1,
          null
        ]
      },
      "/Users/rafael/Desktop/Texas_A&M/606_SE/Project_Git_Hub/CSCE-606-Inventory-System/app/helpers/dashboard_helper.rb": {
        "lines": [
          1,
          null
        ]
      },
      "/Users/rafael/Desktop/Texas_A&M/606_SE/Project_Git_Hub/CSCE-606-Inventory-System/app/helpers/items_helper.rb": {
        "lines": [
          1,
          null
        ]
      },
      "/Users/rafael/Desktop/Texas_A&M/606_SE/Project_Git_Hub/CSCE-606-Inventory-System/app/helpers/sessions_helper.rb": {
        "lines": [
          1,
          null
        ]
      },
      "/Users/rafael/Desktop/Texas_A&M/606_SE/Project_Git_Hub/CSCE-606-Inventory-System/app/helpers/users_helper.rb": {
        "lines": [
          1,
          null
        ]
      },
      "/Users/rafael/Desktop/Texas_A&M/606_SE/Project_Git_Hub/CSCE-606-Inventory-System/app/controllers/sessions_controller.rb": {
        "lines": [
          1,
          1,
          1,
          null,
          1,
          1,
          null,
          null,
          1,
          0,
          null,
          0,
          0,
          null,
          0,
          null,
          0,
          0,
          null,
          null,
          null,
          1,
          0,
          0,
          0,
          null,
          null,
          1,
          null,
          null,
          1,
          2,
          1,
          1,
          1,
          null,
          null,
          null,
          null
        ]
      },
      "/Users/rafael/Desktop/Texas_A&M/606_SE/Project_Git_Hub/CSCE-606-Inventory-System/app/controllers/application_controller.rb": {
        "lines": [
          1,
          1,
          1,
          null,
          1,
          null,
          1,
          2,
          null,
          null,
          1,
          null,
          null,
          1,
          10,
          10,
          null,
          null,
          null,
          null,
          null,
          null,
          null,
          null,
          null,
          null,
          1,
          null,
          null,
          1,
          34,
          12,
          null,
          null,
          null,
          null,
          null
        ]
      },
      "/Users/rafael/Desktop/Texas_A&M/606_SE/Project_Git_Hub/CSCE-606-Inventory-System/app/mailers/user_mailer.rb": {
        "lines": [
          1,
          1,
          null,
          1,
          0,
          0,
          null,
          0,
          null,
          null,
          null,
          null,
          null,
          null
        ]
      },
      "/Users/rafael/Desktop/Texas_A&M/606_SE/Project_Git_Hub/CSCE-606-Inventory-System/app/mailers/application_mailer.rb": {
        "lines": [
          1,
          1,
          1,
          null
        ]
      },
      "/Users/rafael/Desktop/Texas_A&M/606_SE/Project_Git_Hub/CSCE-606-Inventory-System/app/models/bin.rb": {
        "lines": [
          1,
          null,
          1,
          1,
          1,
          1,
          1,
          null,
          1,
          null,
          null,
          1,
          4,
          null,
          null,
          1,
          null,
          null,
          1,
          45,
          null,
          null,
          1,
          50,
          2,
          null,
          48,
          null,
          null,
          null,
          null,
          1,
          45,
          45,
          45,
          null,
          null,
          null,
          null,
          null,
          null,
          null,
          null
        ]
      },
      "/Users/rafael/Desktop/Texas_A&M/606_SE/Project_Git_Hub/CSCE-606-Inventory-System/app/models/application_record.rb": {
        "lines": [
          1,
          1,
          null
        ]
      },
      "/Users/rafael/Desktop/Texas_A&M/606_SE/Project_Git_Hub/CSCE-606-Inventory-System/app/models/user.rb": {
        "lines": [
          1,
          null,
          1,
          null,
          null,
          1,
          null,
          null,
          null,
          1,
          null,
          null,
          null,
          1,
          1,
          1,
          null,
          null,
          null,
          1,
          1,
          1,
          1,
          null,
          null
        ]
      },
      "/Users/rafael/Desktop/Texas_A&M/606_SE/Project_Git_Hub/CSCE-606-Inventory-System/app/models/item.rb": {
        "lines": [
          1,
          1,
          1,
          null,
          1,
          1,
          null
        ]
      },
      "/Users/rafael/Desktop/Texas_A&M/606_SE/Project_Git_Hub/CSCE-606-Inventory-System/app/controllers/bins_controller.rb": {
        "lines": [
          1,
          1,
          1,
          1,
          null,
          null,
          1,
          1,
          null,
          null,
          null,
          1,
          0,
          null,
          null,
          null,
          1,
          1,
          null,
          null,
          null,
          1,
          1,
          null,
          null,
          null,
          1,
          null,
          null,
          null,
          1,
          4,
          null,
          4,
          4,
          4,
          2,
          null,
          4,
          2,
          null,
          null,
          null,
          null,
          null,
          1,
          3,
          3,
          4,
          2,
          null,
          2,
          1,
          null,
          null,
          null,
          null,
          null,
          1,
          2,
          null,
          2,
          4,
          2,
          null,
          null,
          null,
          1,
          null,
          null,
          1,
          7,
          null,
          null,
          1,
          7,
          null,
          null,
          null,
          1,
          7,
          null,
          null
        ]
      },
      "/Users/rafael/Desktop/Texas_A&M/606_SE/Project_Git_Hub/CSCE-606-Inventory-System/app/controllers/items_controller.rb": {
        "lines": [
          1,
          1,
          1,
          1,
          null,
          null,
          1,
          1,
          null,
          null,
          null,
          1,
          null,
          null,
          null,
          1,
          1,
          null,
          null,
          null,
          1,
          null,
          null,
          null,
          null,
          null,
          1,
          1,
          null,
          1,
          0,
          null,
          null,
          1,
          null,
          null,
          1,
          1,
          2,
          1,
          null,
          0,
          0,
          null,
          null,
          null,
          null,
          null,
          1,
          1,
          1,
          2,
          1,
          null,
          0,
          0,
          null,
          null,
          null,
          null,
          null,
          1,
          1,
          null,
          1,
          2,
          1,
          null,
          null,
          null,
          1,
          null,
          1,
          4,
          null,
          null,
          1,
          4,
          null,
          null,
          null,
          1,
          3,
          null,
          null
        ]
      },
      "/Users/rafael/Desktop/Texas_A&M/606_SE/Project_Git_Hub/CSCE-606-Inventory-System/app/controllers/dashboard_controller.rb": {
        "lines": [
          1,
          1,
          null,
          null,
          1,
          3,
          3,
          0,
          null,
          null,
          null,
          null
        ]
      },
      "/Users/rafael/Desktop/Texas_A&M/606_SE/Project_Git_Hub/CSCE-606-Inventory-System/app/controllers/password_controller.rb": {
        "lines": [
          0,
          0,
          0,
          0,
          0,
          0,
          0,
          0,
          0,
          0,
          null,
          0,
          0,
          0,
          0,
          null,
          0,
          0,
          0,
          null,
          0,
          0,
          0,
          null,
          0,
          0,
          0,
          0,
          null,
          0,
          null,
          null,
          0,
          null,
          0,
          0,
          0,
          0,
          0,
          0,
          0,
          null,
          0,
          0,
          0,
          null,
          0,
          0,
          0,
          0,
          0,
          0,
          0,
          0,
          null,
          0,
          0,
          0,
          null,
          null,
          0,
          null,
          0,
          0,
          0,
          0,
          0,
          0,
          0,
          null,
          0,
          0,
          0,
          0,
          null,
          0,
          0,
          0,
          0,
          0,
          0,
          0,
          0,
          0,
          0,
          null,
          0,
          null,
          0,
          0,
          0,
          null,
          0,
          0,
          0,
          null,
          0,
          null
        ],
        "branches": {}
      },
      "/Users/rafael/Desktop/Texas_A&M/606_SE/Project_Git_Hub/CSCE-606-Inventory-System/app/controllers/users_controller.rb": {
        "lines": [
          0,
          0,
          0,
          0,
          null,
          0,
          0,
          0,
          0,
          0,
          0,
          0,
          0,
          0,
          null,
          0,
          null,
          0,
          0,
          0,
          0
        ],
        "branches": {}
      },
      "/Users/rafael/Desktop/Texas_A&M/606_SE/Project_Git_Hub/CSCE-606-Inventory-System/app/jobs/application_job.rb": {
        "lines": [
          0,
          null,
          null,
          null,
          null,
          null,
          0
        ],
        "branches": {}
      }
    },
    "timestamp": 1740249943
  },
  "Cucumber Features": {
    "coverage": {
      "/Users/rafael/Desktop/Texas_A&M/606_SE/Project_Git_Hub/CSCE-606-Inventory-System/app/models/user.rb": {
        "lines": [
          1,
          null,
          1,
          null,
          null,
          1,
          null,
          null,
          null,
          1,
          null,
          null,
          null,
          1,
          1,
          1,
          null,
          null,
          null,
          1,
          1,
          1,
          1,
          null,
          null
        ]
      },
      "/Users/rafael/Desktop/Texas_A&M/606_SE/Project_Git_Hub/CSCE-606-Inventory-System/app/models/application_record.rb": {
        "lines": [
          1,
          1,
          null
        ]
      },
      "/Users/rafael/Desktop/Texas_A&M/606_SE/Project_Git_Hub/CSCE-606-Inventory-System/app/controllers/users_controller.rb": {
        "lines": [
          1,
          1,
          1,
          null,
          null,
          1,
          1,
          1,
          1,
          1,
          null,
          0,
          null,
          null,
          null,
          1,
          null,
          1,
          1,
          null,
          null
        ]
      },
      "/Users/rafael/Desktop/Texas_A&M/606_SE/Project_Git_Hub/CSCE-606-Inventory-System/app/controllers/application_controller.rb": {
        "lines": [
          1,
          1,
          1,
          null,
          1,
          null,
          1,
          0,
          null,
          null,
          1,
          null,
          null,
          1,
          3,
          3,
          null,
          null,
          null,
          null,
          null,
          null,
          null,
          null,
          null,
          null,
          1,
          null,
          null,
          1,
          7,
          3,
          null,
          null,
          null,
          null,
          null
        ]
      },
      "/Users/rafael/Desktop/Texas_A&M/606_SE/Project_Git_Hub/CSCE-606-Inventory-System/app/helpers/application_helper.rb": {
        "lines": [
          1,
          null
        ]
      },
      "/Users/rafael/Desktop/Texas_A&M/606_SE/Project_Git_Hub/CSCE-606-Inventory-System/app/helpers/bins_helper.rb": {
        "lines": [
          1,
          null
        ]
      },
      "/Users/rafael/Desktop/Texas_A&M/606_SE/Project_Git_Hub/CSCE-606-Inventory-System/app/helpers/dashboard_helper.rb": {
        "lines": [
          1,
          null
        ]
      },
      "/Users/rafael/Desktop/Texas_A&M/606_SE/Project_Git_Hub/CSCE-606-Inventory-System/app/helpers/items_helper.rb": {
        "lines": [
          1,
          null
        ]
      },
      "/Users/rafael/Desktop/Texas_A&M/606_SE/Project_Git_Hub/CSCE-606-Inventory-System/app/helpers/sessions_helper.rb": {
        "lines": [
          1,
          null
        ]
      },
      "/Users/rafael/Desktop/Texas_A&M/606_SE/Project_Git_Hub/CSCE-606-Inventory-System/app/helpers/users_helper.rb": {
        "lines": [
          1,
          null
        ]
      },
      "/Users/rafael/Desktop/Texas_A&M/606_SE/Project_Git_Hub/CSCE-606-Inventory-System/app/models/bin.rb": {
        "lines": [
          1,
          null,
          1,
          1,
          1,
          1,
          1,
          null,
          1,
          null,
          null,
          1,
          0,
          null,
          null,
          1,
          null,
          null,
          1,
          2,
          null,
          null,
          1,
          2,
          0,
          null,
          2,
          null,
          null,
          null,
          null,
          1,
          2,
          2,
          2,
          null,
          null,
          null,
          null,
          null,
          null,
          null,
          null
        ]
      },
      "/Users/rafael/Desktop/Texas_A&M/606_SE/Project_Git_Hub/CSCE-606-Inventory-System/app/controllers/bins_controller.rb": {
        "lines": [
          1,
          1,
          1,
          1,
          null,
          null,
          1,
          0,
          null,
          null,
          null,
          1,
          0,
          null,
          null,
          null,
          1,
          0,
          null,
          null,
          null,
          1,
          0,
          null,
          null,
          null,
          1,
          null,
          null,
          null,
          1,
          0,
          null,
          0,
          0,
          0,
          0,
          null,
          0,
          0,
          null,
          null,
          null,
          null,
          null,
          1,
          0,
          0,
          0,
          0,
          null,
          0,
          0,
          null,
          null,
          null,
          null,
          null,
          1,
          0,
          null,
          0,
          0,
          0,
          null,
          null,
          null,
          1,
          null,
          null,
          1,
          0,
          null,
          null,
          1,
          0,
          null,
          null,
          null,
          1,
          0,
          null,
          null
        ]
      },
      "/Users/rafael/Desktop/Texas_A&M/606_SE/Project_Git_Hub/CSCE-606-Inventory-System/app/controllers/dashboard_controller.rb": {
        "lines": [
          0,
          0,
          null,
          null,
          0,
          0,
          0,
          0,
          0,
          null,
          0,
          0
        ],
        "branches": {}
      },
      "/Users/rafael/Desktop/Texas_A&M/606_SE/Project_Git_Hub/CSCE-606-Inventory-System/app/controllers/items_controller.rb": {
        "lines": [
          0,
          0,
          0,
          0,
          null,
          null,
          0,
          0,
          0,
          null,
          null,
          0,
          0,
          null,
          null,
          0,
          0,
          0,
          null,
          null,
          0,
          0,
          null,
          null,
          null,
          null,
          0,
          0,
          null,
          0,
          0,
          0,
          null,
          0,
          null,
          null,
          0,
          0,
          0,
          0,
          0,
          0,
          0,
          0,
          0,
          0,
          null,
          null,
          0,
          0,
          0,
          0,
          0,
          0,
          0,
          0,
          0,
          0,
          0,
          null,
          null,
          0,
          0,
          null,
          0,
          0,
          0,
          0,
          0,
          null,
          0,
          null,
          0,
          0,
          0,
          null,
          0,
          0,
          0,
          null,
          null,
          0,
          0,
          0,
          0
        ],
        "branches": {}
      },
      "/Users/rafael/Desktop/Texas_A&M/606_SE/Project_Git_Hub/CSCE-606-Inventory-System/app/controllers/password_controller.rb": {
        "lines": [
          0,
          0,
          0,
          0,
          0,
          0,
          0,
          0,
          0,
          0,
          null,
          0,
          0,
          0,
          0,
          null,
          0,
          0,
          0,
          null,
          0,
          0,
          0,
          null,
          0,
          0,
          0,
          0,
          null,
          0,
          null,
          null,
          0,
          null,
          0,
          0,
          0,
          0,
          0,
          0,
          0,
          null,
          0,
          0,
          0,
          null,
          0,
          0,
          0,
          0,
          0,
          0,
          0,
          0,
          null,
          0,
          0,
          0,
          null,
          null,
          0,
          null,
          0,
          0,
          0,
          0,
          0,
          0,
          0,
          null,
          0,
          0,
          0,
          0,
          null,
          0,
          0,
          0,
          0,
          0,
          0,
          0,
          0,
          0,
          0,
          null,
          0,
          null,
          0,
          0,
          0,
          null,
          0,
          0,
          0,
          null,
          0,
          null
        ],
        "branches": {}
      },
      "/Users/rafael/Desktop/Texas_A&M/606_SE/Project_Git_Hub/CSCE-606-Inventory-System/app/controllers/sessions_controller.rb": {
        "lines": [
          0,
          0,
          0,
          null,
          0,
          0,
          0,
          null,
          0,
          0,
          null,
          0,
          0,
          null,
          0,
          0,
          0,
          0,
          0,
          0,
          null,
          0,
          0,
          0,
          0,
          0,
          null,
          0,
          null,
          null,
          0,
          0,
          0,
          0,
          0,
          0,
          0,
          null,
          0
        ],
        "branches": {}
      },
      "/Users/rafael/Desktop/Texas_A&M/606_SE/Project_Git_Hub/CSCE-606-Inventory-System/app/jobs/application_job.rb": {
        "lines": [
          0,
          null,
          null,
          null,
          null,
          null,
          0
        ],
        "branches": {}
      },
      "/Users/rafael/Desktop/Texas_A&M/606_SE/Project_Git_Hub/CSCE-606-Inventory-System/app/mailers/application_mailer.rb": {
        "lines": [
          0,
          0,
          0,
          0
        ],
        "branches": {}
      },
      "/Users/rafael/Desktop/Texas_A&M/606_SE/Project_Git_Hub/CSCE-606-Inventory-System/app/mailers/user_mailer.rb": {
        "lines": [
          0,
          0,
          null,
          0,
          0,
          0,
          null,
          0,
          0,
          0,
          0,
          0,
          0,
          null
        ],
        "branches": {}
      },
      "/Users/rafael/Desktop/Texas_A&M/606_SE/Project_Git_Hub/CSCE-606-Inventory-System/app/models/item.rb": {
        "lines": [
          0,
          0,
          0,
          null,
          0,
          0,
          0
        ],
        "branches": {}
      }
    },
    "timestamp": 1740249952
  }
}
